<?xml version="1.0" encoding="UTF-8"?>
<!-- Generated by org.testng.reporters.JUnitXMLReporter -->
<testsuite ignored="0" hostname="LAPTOP-4RCGPP9C" failures="0" tests="3" name="Test" time="55.371" errors="0" timestamp="2024-03-21T09:11:43 IST">
  <testcase classname="Com.Ecommerce.TestCases.TC_Login_Page" name="LoginPage" time="4.298">
    <skipped/>
  </testcase> <!-- LoginPage -->
  <testcase classname="Com.Ecommerce.TestCases.TC_Login_Page" name="LoginPage" time="0.901">
    <skipped/>
  </testcase> <!-- LoginPage -->
  <testcase classname="Com.Ecommerce.TestCases.TC_Login_Page" name="LoginPage" time="5.208"/>
</testsuite> <!-- Test -->
