<?xml version="1.0" encoding="UTF-8"?>
<testsuite xmlns:xsi="http://www.w3.org/2001/XMLSchema-instance" xsi:noNamespaceSchemaLocation="https://maven.apache.org/surefire/maven-surefire-plugin/xsd/surefire-test-report-3.0.xsd" version="3.0" name="TestSuite" time="58.342" tests="6" errors="0" skipped="4" failures="1">
  <properties>
[...]
</properties>
  <testcase name="LoginPage" classname="Com.Ecommerce.TestCases.TC_Login_Page" time="0.0">
    <skipped message="stale element reference: stale element not found&#10;  (Session info: MicrosoftEdge=122.0.2365.92)&#10;For documentation on this error, please visit: https://www.selenium.dev/documentation/webdriver/troubleshooting/errors#stale-element-reference-exception&#10;Build info: version: &apos;4.18.0&apos;, revision: &apos;b6bf9de7cc*&apos;&#10;System info: os.name: &apos;Windows 11&apos;, os.arch: &apos;amd64&apos;, os.version: &apos;10.0&apos;, java.version: &apos;21.0.1&apos;&#10;Driver info: org.openqa.selenium.edge.EdgeDriver&#10;Command: [357d70c6965382d4d0d05fa4ddd64a47, clickElement {id=f.52518EE1E2953EE7E69080844F7C105F.d.226545DE8142F13211888E1462CCA81E.e.50}]&#10;Capabilities {acceptInsecureCerts: false, browserName: MicrosoftEdge, browserVersion: 122.0.2365.92, fedcm:accounts: true, ms:edgeOptions: {debuggerAddress: localhost:56299}, msedge: {msedgedriverVersion: 122.0.2365.92 (908657ec17be..., userDataDir: C:\Users\Jay\AppData\Local\...}, networkConnectionEnabled: false, pageLoadStrategy: normal, platformName: windows, proxy: Proxy(), se:cdp: ws://localhost:56299/devtoo..., se:cdpVersion: 122.0.2365.92, setWindowRect: true, strictFileInteractability: false, timeouts: {implicit: 0, pageLoad: 300000, script: 30000}, unhandledPromptBehavior: dismiss and notify, webauthn:extension:credBlob: true, webauthn:extension:largeBlob: true, webauthn:extension:minPinLength: true, webauthn:extension:prf: true, webauthn:virtualAuthenticators: true}&#10;Element: [[EdgeDriver: MicrosoftEdge on windows (357d70c6965382d4d0d05fa4ddd64a47)] -&gt; xpath: //a[contains(text(),&quot;Log in&quot;)]]&#10;Session ID: 357d70c6965382d4d0d05fa4ddd64a47"/>
    <system-out><![CDATA[ INFO [TestNG-tests-1] (Ecommerce_BaseClass.java:48)- Chrome Browser Open
 INFO [TestNG-tests-2] (Ecommerce_BaseClass.java:61)- Edge Browser Open
 INFO [TestNG-tests-1] (Ecommerce_BaseClass.java:75)- URL fetched from Config file
 INFO [TestNG-tests-2] (Ecommerce_BaseClass.java:75)- URL fetched from Config file
]]></system-out>
    <system-err><![CDATA[SLF4J(W): No SLF4J providers were found.
SLF4J(W): Defaulting to no-operation (NOP) logger implementation
SLF4J(W): See https://www.slf4j.org/codes.html#noProviders for further details.
Mar 21, 2024 9:10:54 AM org.openqa.selenium.devtools.CdpVersionFinder findNearestMatch
WARNING: Unable to find an exact match for CDP version 122, returning the closest version; found: 121; Please update to a Selenium version that supports CDP version 122
Mar 21, 2024 9:10:54 AM org.openqa.selenium.devtools.CdpVersionFinder findNearestMatch
WARNING: Unable to find an exact match for CDP version 122, returning the closest version; found: 121; Please update to a Selenium version that supports CDP version 122
]]></system-err>
  </testcase>
  <testcase name="LoginPage" classname="Com.Ecommerce.TestCases.TC_Login_Page" time="0.0">
    <skipped message="expected [nopCommerce demo store] but found [nopCommerce demo store. Login]"/>
  </testcase>
  <testcase name="LoginPage" classname="Com.Ecommerce.TestCases.TC_Login_Page" time="0.0">
    <skipped message="stale element reference: stale element not found&#10;  (Session info: chrome=122.0.6261.129)&#10;For documentation on this error, please visit: https://www.selenium.dev/documentation/webdriver/troubleshooting/errors#stale-element-reference-exception&#10;Build info: version: &apos;4.18.0&apos;, revision: &apos;b6bf9de7cc*&apos;&#10;System info: os.name: &apos;Windows 11&apos;, os.arch: &apos;amd64&apos;, os.version: &apos;10.0&apos;, java.version: &apos;21.0.1&apos;&#10;Driver info: org.openqa.selenium.chrome.ChromeDriver&#10;Command: [da7068584ed607b738ee708dfa4a08b2, clickElement {id=f.1AB03378BFCF49270B9F342EE6E517B1.d.4FEB24386CB9D1FAA5F5C84D478BA353.e.49}]&#10;Capabilities {acceptInsecureCerts: false, browserName: chrome, browserVersion: 122.0.6261.129, chrome: {chromedriverVersion: 122.0.6261.128 (f18a44fedeb..., userDataDir: C:\Users\Jay\AppData\Local\...}, fedcm:accounts: true, goog:chromeOptions: {debuggerAddress: localhost:56349}, networkConnectionEnabled: false, pageLoadStrategy: normal, platformName: windows, proxy: Proxy(), se:cdp: ws://localhost:56349/devtoo..., se:cdpVersion: 122.0.6261.129, setWindowRect: true, strictFileInteractability: false, timeouts: {implicit: 0, pageLoad: 300000, script: 30000}, unhandledPromptBehavior: dismiss and notify, webauthn:extension:credBlob: true, webauthn:extension:largeBlob: true, webauthn:extension:minPinLength: true, webauthn:extension:prf: true, webauthn:virtualAuthenticators: true}&#10;Element: [[ChromeDriver: chrome on windows (da7068584ed607b738ee708dfa4a08b2)] -&gt; xpath: //a[contains(text(),&quot;Log in&quot;)]]&#10;Session ID: da7068584ed607b738ee708dfa4a08b2"/>
    <system-out><![CDATA[ INFO [TestNG-tests-2] (Ecommerce_BaseClass.java:85)- Browser Close
 INFO [TestNG-tests-1] (Ecommerce_BaseClass.java:85)- Browser Close
 INFO [TestNG-tests-2] (Ecommerce_BaseClass.java:61)- Edge Browser Open
 INFO [TestNG-tests-1] (Ecommerce_BaseClass.java:48)- Chrome Browser Open
 INFO [TestNG-tests-2] (Ecommerce_BaseClass.java:75)- URL fetched from Config file
 INFO [TestNG-tests-1] (Ecommerce_BaseClass.java:75)- URL fetched from Config file
]]></system-out>
    <system-err><![CDATA[Mar 21, 2024 9:11:13 AM org.openqa.selenium.devtools.CdpVersionFinder findNearestMatch
WARNING: Unable to find an exact match for CDP version 122, returning the closest version; found: 121; Please update to a Selenium version that supports CDP version 122
Mar 21, 2024 9:11:13 AM org.openqa.selenium.devtools.CdpVersionFinder findNearestMatch
WARNING: Unable to find an exact match for CDP version 122, returning the closest version; found: 121; Please update to a Selenium version that supports CDP version 122
]]></system-err>
  </testcase>
  <testcase name="LoginPage" classname="Com.Ecommerce.TestCases.TC_Login_Page" time="0.0">
    <skipped message="expected [nopCommerce demo store] but found [nopCommerce demo store. Login]"/>
  </testcase>
  <testcase name="LoginPage" classname="Com.Ecommerce.TestCases.TC_Login_Page" time="1.37">
    <system-out><![CDATA[ INFO [TestNG-tests-1] (Ecommerce_BaseClass.java:85)- Browser Close
 INFO [TestNG-tests-2] (Ecommerce_BaseClass.java:85)- Browser Close
 INFO [TestNG-tests-1] (Ecommerce_BaseClass.java:48)- Chrome Browser Open
 INFO [TestNG-tests-1] (Ecommerce_BaseClass.java:75)- URL fetched from Config file
 INFO [TestNG-tests-2] (Ecommerce_BaseClass.java:61)- Edge Browser Open
 INFO [TestNG-tests-2] (Ecommerce_BaseClass.java:75)- URL fetched from Config file
]]></system-out>
    <system-err><![CDATA[Mar 21, 2024 9:11:26 AM org.openqa.selenium.devtools.CdpVersionFinder findNearestMatch
WARNING: Unable to find an exact match for CDP version 122, returning the closest version; found: 121; Please update to a Selenium version that supports CDP version 122
Mar 21, 2024 9:11:30 AM org.openqa.selenium.devtools.CdpVersionFinder findNearestMatch
WARNING: Unable to find an exact match for CDP version 122, returning the closest version; found: 121; Please update to a Selenium version that supports CDP version 122
]]></system-err>
  </testcase>
  <testcase name="LoginPage" classname="Com.Ecommerce.TestCases.TC_Login_Page" time="3.793">
    <failure message="expected [nopCommerce demo store] but found [nopCommerce demo store. Login]" type="java.lang.AssertionError"><![CDATA[java.lang.AssertionError: expected [nopCommerce demo store] but found [nopCommerce demo store. Login]
	at org.testng.Assert.fail(Assert.java:111)
	at org.testng.Assert.failNotEquals(Assert.java:1578)
	at org.testng.Assert.assertEqualsImpl(Assert.java:150)
	at org.testng.Assert.assertEquals(Assert.java:132)
	at org.testng.Assert.assertEquals(Assert.java:656)
	at org.testng.Assert.assertEquals(Assert.java:666)
	at Com.Ecommerce.TestCases.TC_Login_Page.LoginPage(TC_Login_Page.java:44)
	at java.base/jdk.internal.reflect.DirectMethodHandleAccessor.invoke(DirectMethodHandleAccessor.java:103)
	at java.base/java.lang.reflect.Method.invoke(Method.java:580)
	at org.testng.internal.invokers.MethodInvocationHelper.invokeMethod(MethodInvocationHelper.java:139)
	at org.testng.internal.invokers.TestInvoker.invokeMethod(TestInvoker.java:664)
	at org.testng.internal.invokers.TestInvoker.retryFailed(TestInvoker.java:249)
	at org.testng.internal.invokers.MethodRunner.runInSequence(MethodRunner.java:76)
	at org.testng.internal.invokers.TestInvoker$MethodInvocationAgent.invoke(TestInvoker.java:961)
	at org.testng.internal.invokers.TestInvoker.invokeTestMethods(TestInvoker.java:201)
	at org.testng.internal.invokers.TestMethodWorker.invokeTestMethods(TestMethodWorker.java:148)
	at org.testng.internal.invokers.TestMethodWorker.run(TestMethodWorker.java:128)
	at java.base/java.util.ArrayList.forEach(ArrayList.java:1596)
	at org.testng.TestRunner.privateRun(TestRunner.java:819)
	at org.testng.TestRunner.run(TestRunner.java:619)
	at org.testng.SuiteRunner.runTest(SuiteRunner.java:443)
	at org.testng.SuiteRunner$SuiteWorker.run(SuiteRunner.java:481)
	at org.testng.internal.thread.ThreadUtil.lambda$execute$0(ThreadUtil.java:58)
	at java.base/java.util.concurrent.FutureTask.run(FutureTask.java:317)
	at java.base/java.util.concurrent.ThreadPoolExecutor.runWorker(ThreadPoolExecutor.java:1144)
	at java.base/java.util.concurrent.ThreadPoolExecutor$Worker.run(ThreadPoolExecutor.java:642)
	at java.base/java.lang.Thread.run(Thread.java:1583)
]]></failure>
    <system-err><![CDATA[java.lang.NoSuchFieldException: driver
	at java.base/java.lang.Class.getDeclaredField(Class.java:2782)
	at Com.Ecommerce.Utilites.Listners.onTestFailure(Listners.java:41)
	at org.testng.internal.TestListenerHelper.runTestListeners(TestListenerHelper.java:108)
	at org.testng.internal.invokers.TestInvoker.runTestResultListener(TestInvoker.java:263)
	at org.testng.internal.invokers.TestInvoker.invokeMethod(TestInvoker.java:751)
	at org.testng.internal.invokers.TestInvoker.retryFailed(TestInvoker.java:249)
	at org.testng.internal.invokers.MethodRunner.runInSequence(MethodRunner.java:76)
	at org.testng.internal.invokers.TestInvoker$MethodInvocationAgent.invoke(TestInvoker.java:961)
	at org.testng.internal.invokers.TestInvoker.invokeTestMethods(TestInvoker.java:201)
	at org.testng.internal.invokers.TestMethodWorker.invokeTestMethods(TestMethodWorker.java:148)
	at org.testng.internal.invokers.TestMethodWorker.run(TestMethodWorker.java:128)
	at java.base/java.util.ArrayList.forEach(ArrayList.java:1596)
	at org.testng.TestRunner.privateRun(TestRunner.java:819)
	at org.testng.TestRunner.run(TestRunner.java:619)
	at org.testng.SuiteRunner.runTest(SuiteRunner.java:443)
	at org.testng.SuiteRunner$SuiteWorker.run(SuiteRunner.java:481)
	at org.testng.internal.thread.ThreadUtil.lambda$execute$0(ThreadUtil.java:58)
	at java.base/java.util.concurrent.FutureTask.run(FutureTask.java:317)
	at java.base/java.util.concurrent.ThreadPoolExecutor.runWorker(ThreadPoolExecutor.java:1144)
	at java.base/java.util.concurrent.ThreadPoolExecutor$Worker.run(ThreadPoolExecutor.java:642)
	at java.base/java.lang.Thread.run(Thread.java:1583)
]]></system-err>
  </testcase>
</testsuite>